2023-03-05 15:31:27,356 - DEBUG - Starting new HTTPS connection (1): discord.com:443
2023-03-05 15:31:34,413 - DEBUG - https://discord.com:443 "POST /api/webhooks/1075749180552794143/bWkMo8ejqchEaK9qqsMDTj1rnb-jYi6pU8mQJf3zTs040vOrBeghaBF52zsBD-YH65RI HTTP/1.1" 204 0
2023-03-05 15:31:34,423 - INFO - OK - Internet connected
2023-03-05 15:31:34,426 - INFO - Going into pulse detection loop
2023-03-05 15:31:34,585 - INFO - Database ready! - Connection successful
2023-03-05 15:31:34,591 - DEBUG - Starting new HTTPS connection (1): discord.com:443
2023-03-05 15:31:42,608 - DEBUG - https://discord.com:443 "POST /api/webhooks/1075749180552794143/bWkMo8ejqchEaK9qqsMDTj1rnb-jYi6pU8mQJf3zTs040vOrBeghaBF52zsBD-YH65RI HTTP/1.1" 204 0
2023-03-05 15:31:42,617 - INFO - Going into loop, waiting for rising edge on GPIO pin
2023-03-05 15:31:44,408 - INFO - Loop to insert data to database
2023-03-05 15:31:44,693 - DEBUG - Starting new HTTPS connection (1): discord.com:443
2023-03-05 15:31:45,044 - DEBUG - https://discord.com:443 "POST /api/webhooks/1075749180552794143/bWkMo8ejqchEaK9qqsMDTj1rnb-jYi6pU8mQJf3zTs040vOrBeghaBF52zsBD-YH65RI HTTP/1.1" 204 0
2023-03-05 15:31:45,049 - INFO - Pulse detected at 2023-03-05 15:31:44.408520+01:00
2023-03-05 15:31:45,050 - INFO - Breaking loop, and waiting for pin input
2023-03-05 15:31:45,228 - INFO - Loop to insert data to database
2023-03-05 15:31:45,251 - DEBUG - Starting new HTTPS connection (1): discord.com:443
2023-03-05 15:31:50,766 - DEBUG - https://discord.com:443 "POST /api/webhooks/1075749180552794143/bWkMo8ejqchEaK9qqsMDTj1rnb-jYi6pU8mQJf3zTs040vOrBeghaBF52zsBD-YH65RI HTTP/1.1" 204 0
2023-03-05 15:31:50,772 - INFO - Pulse detected at 2023-03-05 15:31:45.228299+01:00
2023-03-05 15:31:50,773 - INFO - Breaking loop, and waiting for pin input
2023-03-05 15:31:51,441 - INFO - Loop to insert data to database
2023-03-05 15:31:51,464 - DEBUG - Starting new HTTPS connection (1): discord.com:443
2023-03-05 15:31:51,727 - DEBUG - https://discord.com:443 "POST /api/webhooks/1075749180552794143/bWkMo8ejqchEaK9qqsMDTj1rnb-jYi6pU8mQJf3zTs040vOrBeghaBF52zsBD-YH65RI HTTP/1.1" 204 0
2023-03-05 15:31:51,732 - INFO - Pulse detected at 2023-03-05 15:31:51.441052+01:00
2023-03-05 15:31:51,733 - INFO - Breaking loop, and waiting for pin input
2023-03-05 15:31:59,638 - INFO - Loop to insert data to database
2023-03-05 15:31:59,663 - DEBUG - Starting new HTTPS connection (1): discord.com:443
2023-03-05 15:32:01,025 - DEBUG - https://discord.com:443 "POST /api/webhooks/1075749180552794143/bWkMo8ejqchEaK9qqsMDTj1rnb-jYi6pU8mQJf3zTs040vOrBeghaBF52zsBD-YH65RI HTTP/1.1" 204 0
2023-03-05 15:32:01,029 - INFO - Pulse detected at 2023-03-05 15:31:59.638860+01:00
2023-03-05 15:32:01,030 - INFO - Breaking loop, and waiting for pin input
2023-03-05 15:32:01,498 - INFO - Loop to insert data to database
2023-03-05 15:32:01,521 - DEBUG - Starting new HTTPS connection (1): discord.com:443
2023-03-05 15:32:02,018 - DEBUG - https://discord.com:443 "POST /api/webhooks/1075749180552794143/bWkMo8ejqchEaK9qqsMDTj1rnb-jYi6pU8mQJf3zTs040vOrBeghaBF52zsBD-YH65RI HTTP/1.1" 204 0
2023-03-05 15:32:02,023 - INFO - Pulse detected at 2023-03-05 15:32:01.498243+01:00
2023-03-05 15:32:02,024 - INFO - Breaking loop, and waiting for pin input
2023-03-05 15:32:02,675 - INFO - Loop to insert data to database
2023-03-05 15:32:02,699 - DEBUG - Starting new HTTPS connection (1): discord.com:443
2023-03-05 15:32:03,046 - DEBUG - https://discord.com:443 "POST /api/webhooks/1075749180552794143/bWkMo8ejqchEaK9qqsMDTj1rnb-jYi6pU8mQJf3zTs040vOrBeghaBF52zsBD-YH65RI HTTP/1.1" 204 0
2023-03-05 15:32:03,051 - INFO - Pulse detected at 2023-03-05 15:32:02.675731+01:00
2023-03-05 15:32:03,052 - INFO - Breaking loop, and waiting for pin input
2023-03-05 15:32:03,751 - INFO - Loop to insert data to database
2023-03-05 15:32:03,779 - DEBUG - Starting new HTTPS connection (1): discord.com:443
2023-03-05 15:32:10,208 - DEBUG - https://discord.com:443 "POST /api/webhooks/1075749180552794143/bWkMo8ejqchEaK9qqsMDTj1rnb-jYi6pU8mQJf3zTs040vOrBeghaBF52zsBD-YH65RI HTTP/1.1" 204 0
2023-03-05 15:32:10,218 - INFO - Pulse detected at 2023-03-05 15:32:03.746244+01:00
2023-03-05 15:32:10,220 - INFO - Breaking loop, and waiting for pin input
